<?xml version="1.0" encoding="UTF-8"?>
<!-- Generated by org.testng.reporters.JUnitReportReporter -->
<testsuite hostname="ip-10-91-0-4.us-east-2.compute.internal" name="example.NewTest" tests="1" failures="0" timestamp="12 Dec 2017 11:53:02 GMT" time="24.826" errors="0">
  <testcase name="testgooglrsearch" time="24.826" classname="example.NewTest"/>
</testsuite> <!-- example.NewTest -->
